<?xml version="1.0" encoding="UTF-8"?>
<coverage generated="1464102046">
  <project timestamp="1464102046">
    <file name="C:\Users\Tarik/Desktop/GITHMIS/laravel/src/Restados.php">
      <class name="Restados" namespace="global">
        <metrics methods="1" coveredmethods="1" conditionals="0" coveredconditionals="0" statements="2" coveredstatements="2" elements="3" coveredelements="3"/>
      </class>
      <line num="12" type="method" name="Resta" crap="1" count="1"/>
      <line num="13" type="stmt" count="1"/>
      <line num="14" type="stmt" count="1"/>
      <metrics loc="19" ncloc="13" classes="1" methods="1" coveredmethods="1" conditionals="0" coveredconditionals="0" statements="2" coveredstatements="2" elements="3" coveredelements="3"/>
    </file>
    <file name="C:\Users\Tarik/vendor/hamcrest/hamcrest-php/hamcrest/Hamcrest.php">
      <line num="25" type="stmt" count="0"/>
      <line num="26" type="stmt" count="0"/>
      <line num="27" type="stmt" count="0"/>
      <line num="29" type="stmt" count="0"/>
      <line num="30" type="stmt" count="0"/>
      <line num="38" type="stmt" count="0"/>
      <line num="39" type="stmt" count="0"/>
      <line num="52" type="stmt" count="0"/>
      <line num="65" type="stmt" count="0"/>
      <line num="74" type="stmt" count="0"/>
      <line num="75" type="stmt" count="0"/>
      <line num="84" type="stmt" count="0"/>
      <line num="85" type="stmt" count="0"/>
      <line num="94" type="stmt" count="0"/>
      <line num="95" type="stmt" count="0"/>
      <line num="104" type="stmt" count="0"/>
      <line num="105" type="stmt" count="0"/>
      <line num="118" type="stmt" count="0"/>
      <line num="131" type="stmt" count="0"/>
      <line num="140" type="stmt" count="0"/>
      <line num="149" type="stmt" count="0"/>
      <line num="162" type="stmt" count="0"/>
      <line num="171" type="stmt" count="0"/>
      <line num="180" type="stmt" count="0"/>
      <line num="189" type="stmt" count="0"/>
      <line num="198" type="stmt" count="0"/>
      <line num="207" type="stmt" count="0"/>
      <line num="216" type="stmt" count="0"/>
      <line num="217" type="stmt" count="0"/>
      <line num="226" type="stmt" count="0"/>
      <line num="227" type="stmt" count="0"/>
      <line num="236" type="stmt" count="0"/>
      <line num="237" type="stmt" count="0"/>
      <line num="250" type="stmt" count="0"/>
      <line num="263" type="stmt" count="0"/>
      <line num="272" type="stmt" count="0"/>
      <line num="273" type="stmt" count="0"/>
      <line num="286" type="stmt" count="0"/>
      <line num="295" type="stmt" count="0"/>
      <line num="308" type="stmt" count="0"/>
      <line num="321" type="stmt" count="0"/>
      <line num="337" type="stmt" count="0"/>
      <line num="338" type="stmt" count="0"/>
      <line num="353" type="stmt" count="0"/>
      <line num="354" type="stmt" count="0"/>
      <line num="364" type="stmt" count="0"/>
      <line num="373" type="stmt" count="0"/>
      <line num="385" type="stmt" count="0"/>
      <line num="397" type="stmt" count="0"/>
      <line num="406" type="stmt" count="0"/>
      <line num="415" type="stmt" count="0"/>
      <line num="424" type="stmt" count="0"/>
      <line num="439" type="stmt" count="0"/>
      <line num="448" type="stmt" count="0"/>
      <line num="457" type="stmt" count="0"/>
      <line num="466" type="stmt" count="0"/>
      <line num="476" type="stmt" count="0"/>
      <line num="485" type="stmt" count="0"/>
      <line num="494" type="stmt" count="0"/>
      <line num="503" type="stmt" count="0"/>
      <line num="512" type="stmt" count="0"/>
      <line num="521" type="stmt" count="0"/>
      <line num="530" type="stmt" count="0"/>
      <line num="539" type="stmt" count="0"/>
      <line num="548" type="stmt" count="0"/>
      <line num="557" type="stmt" count="0"/>
      <line num="566" type="stmt" count="0"/>
      <line num="575" type="stmt" count="0"/>
      <line num="584" type="stmt" count="0"/>
      <line num="593" type="stmt" count="0"/>
      <line num="602" type="stmt" count="0"/>
      <line num="611" type="stmt" count="0"/>
      <line num="620" type="stmt" count="0"/>
      <line num="629" type="stmt" count="0"/>
      <line num="638" type="stmt" count="0"/>
      <line num="647" type="stmt" count="0"/>
      <line num="648" type="stmt" count="0"/>
      <line num="657" type="stmt" count="0"/>
      <line num="666" type="stmt" count="0"/>
      <line num="675" type="stmt" count="0"/>
      <line num="684" type="stmt" count="0"/>
      <line num="693" type="stmt" count="0"/>
      <line num="702" type="stmt" count="0"/>
      <line num="711" type="stmt" count="0"/>
      <line num="720" type="stmt" count="0"/>
      <line num="729" type="stmt" count="0"/>
      <line num="738" type="stmt" count="0"/>
      <line num="747" type="stmt" count="0"/>
      <line num="756" type="stmt" count="0"/>
      <line num="765" type="stmt" count="0"/>
      <line num="774" type="stmt" count="0"/>
      <line num="783" type="stmt" count="0"/>
      <line num="792" type="stmt" count="0"/>
      <line num="803" type="stmt" count="0"/>
      <metrics loc="805" ncloc="475" classes="0" methods="0" coveredmethods="0" conditionals="0" coveredconditionals="0" statements="94" coveredstatements="0" elements="94" coveredelements="0"/>
    </file>
    <file name="C:\Users\Tarik/vendor/laravel/framework/src/Illuminate/Foundation/helpers.php">
      <line num="30" type="stmt" count="0"/>
      <line num="49" type="stmt" count="0"/>
      <line num="50" type="stmt" count="0"/>
      <line num="51" type="stmt" count="0"/>
      <line num="52" type="stmt" count="0"/>
      <line num="70" type="stmt" count="0"/>
      <line num="71" type="stmt" count="0"/>
      <line num="72" type="stmt" count="0"/>
      <line num="73" type="stmt" count="0"/>
      <line num="87" type="stmt" count="0"/>
      <line num="101" type="stmt" count="0"/>
      <line num="102" type="stmt" count="0"/>
      <line num="105" type="stmt" count="0"/>
      <line num="118" type="stmt" count="0"/>
      <line num="132" type="stmt" count="0"/>
      <line num="145" type="stmt" count="0"/>
      <line num="146" type="stmt" count="0"/>
      <line num="148" type="stmt" count="0"/>
      <line num="163" type="stmt" count="0"/>
      <line num="176" type="stmt" count="0"/>
      <line num="190" type="stmt" count="0"/>
      <line num="206" type="stmt" count="0"/>
      <line num="207" type="stmt" count="0"/>
      <line num="210" type="stmt" count="0"/>
      <line num="211" type="stmt" count="0"/>
      <line num="214" type="stmt" count="0"/>
      <line num="227" type="stmt" count="0"/>
      <line num="246" type="stmt" count="0"/>
      <line num="248" type="stmt" count="0"/>
      <line num="249" type="stmt" count="0"/>
      <line num="252" type="stmt" count="0"/>
      <line num="264" type="stmt" count="0"/>
      <line num="278" type="stmt" count="0"/>
      <line num="280" type="stmt" count="0"/>
      <line num="281" type="stmt" count="0"/>
      <line num="284" type="stmt" count="0"/>
      <line num="297" type="stmt" count="0"/>
      <line num="310" type="stmt" count="0"/>
      <line num="323" type="stmt" count="0"/>
      <line num="339" type="stmt" count="0"/>
      <line num="340" type="stmt" count="0"/>
      <line num="342" type="stmt" count="0"/>
      <line num="343" type="stmt" count="0"/>
      <line num="345" type="stmt" count="0"/>
      <line num="346" type="stmt" count="0"/>
      <line num="348" type="stmt" count="0"/>
      <line num="349" type="stmt" count="0"/>
      <line num="352" type="stmt" count="0"/>
      <line num="365" type="stmt" count="0"/>
      <line num="379" type="stmt" count="0"/>
      <line num="381" type="stmt" count="0"/>
      <line num="382" type="stmt" count="0"/>
      <line num="385" type="stmt" count="0"/>
      <line num="386" type="stmt" count="0"/>
      <line num="387" type="stmt" count="0"/>
      <line num="388" type="stmt" count="0"/>
      <line num="390" type="stmt" count="0"/>
      <line num="391" type="stmt" count="0"/>
      <line num="392" type="stmt" count="0"/>
      <line num="394" type="stmt" count="0"/>
      <line num="395" type="stmt" count="0"/>
      <line num="396" type="stmt" count="0"/>
      <line num="398" type="stmt" count="0"/>
      <line num="399" type="stmt" count="0"/>
      <line num="400" type="stmt" count="0"/>
      <line num="401" type="stmt" count="0"/>
      <line num="403" type="stmt" count="0"/>
      <line num="404" type="stmt" count="0"/>
      <line num="407" type="stmt" count="0"/>
      <line num="422" type="stmt" count="0"/>
      <line num="435" type="stmt" count="0"/>
      <line num="437" type="stmt" count="0"/>
      <line num="439" type="stmt" count="0"/>
      <line num="440" type="stmt" count="0"/>
      <line num="441" type="stmt" count="0"/>
      <line num="442" type="stmt" count="0"/>
      <line num="444" type="stmt" count="0"/>
      <line num="459" type="stmt" count="0"/>
      <line num="473" type="stmt" count="0"/>
      <line num="474" type="stmt" count="0"/>
      <line num="477" type="stmt" count="0"/>
      <line num="490" type="stmt" count="0"/>
      <line num="504" type="stmt" count="0"/>
      <line num="519" type="stmt" count="0"/>
      <line num="532" type="stmt" count="0"/>
      <line num="548" type="stmt" count="0"/>
      <line num="549" type="stmt" count="0"/>
      <line num="552" type="stmt" count="0"/>
      <line num="566" type="stmt" count="0"/>
      <line num="567" type="stmt" count="0"/>
      <line num="570" type="stmt" count="0"/>
      <line num="583" type="stmt" count="0"/>
      <line num="598" type="stmt" count="0"/>
      <line num="600" type="stmt" count="0"/>
      <line num="601" type="stmt" count="0"/>
      <line num="604" type="stmt" count="0"/>
      <line num="619" type="stmt" count="0"/>
      <line num="632" type="stmt" count="0"/>
      <line num="646" type="stmt" count="0"/>
      <line num="662" type="stmt" count="0"/>
      <line num="663" type="stmt" count="0"/>
      <line num="666" type="stmt" count="0"/>
      <line num="667" type="stmt" count="0"/>
      <line num="670" type="stmt" count="0"/>
      <line num="683" type="stmt" count="0"/>
      <line num="699" type="stmt" count="0"/>
      <line num="700" type="stmt" count="0"/>
      <line num="703" type="stmt" count="0"/>
      <line num="720" type="stmt" count="0"/>
      <line num="735" type="stmt" count="0"/>
      <line num="736" type="stmt" count="0"/>
      <line num="739" type="stmt" count="0"/>
      <line num="755" type="stmt" count="0"/>
      <line num="757" type="stmt" count="0"/>
      <line num="758" type="stmt" count="0"/>
      <line num="761" type="stmt" count="0"/>
      <line num="776" type="stmt" count="0"/>
      <line num="778" type="stmt" count="0"/>
      <line num="779" type="stmt" count="0"/>
      <line num="782" type="stmt" count="0"/>
      <metrics loc="784" ncloc="451" classes="0" methods="0" coveredmethods="0" conditionals="0" coveredconditionals="0" statements="120" coveredstatements="0" elements="120" coveredelements="0"/>
    </file>
    <file name="C:\Users\Tarik/vendor/laravel/framework/src/Illuminate/Support/helpers.php">
      <line num="18" type="stmt" count="0"/>
      <line num="20" type="stmt" count="0"/>
      <line num="21" type="stmt" count="0"/>
      <line num="22" type="stmt" count="0"/>
      <line num="24" type="stmt" count="0"/>
      <line num="25" type="stmt" count="0"/>
      <line num="26" type="stmt" count="0"/>
      <line num="28" type="stmt" count="0"/>
      <line num="43" type="stmt" count="0"/>
      <line num="72" type="stmt" count="0"/>
      <line num="85" type="stmt" count="0"/>
      <line num="99" type="stmt" count="0"/>
      <line num="113" type="stmt" count="0"/>
      <line num="128" type="stmt" count="0"/>
      <line num="142" type="stmt" count="0"/>
      <line num="156" type="stmt" count="0"/>
      <line num="171" type="stmt" count="0"/>
      <line num="185" type="stmt" count="0"/>
      <line num="200" type="stmt" count="0"/>
      <line num="214" type="stmt" count="0"/>
      <line num="229" type="stmt" count="0"/>
      <line num="244" type="stmt" count="0"/>
      <line num="259" type="stmt" count="0"/>
      <line num="276" type="stmt" count="0"/>
      <line num="290" type="stmt" count="0"/>
      <line num="303" type="stmt" count="0"/>
      <line num="317" type="stmt" count="0"/>
      <line num="330" type="stmt" count="0"/>
      <line num="343" type="stmt" count="0"/>
      <line num="345" type="stmt" count="0"/>
      <line num="358" type="stmt" count="0"/>
      <line num="360" type="stmt" count="0"/>
      <line num="361" type="stmt" count="0"/>
      <line num="362" type="stmt" count="0"/>
      <line num="364" type="stmt" count="0"/>
      <line num="377" type="stmt" count="0"/>
      <line num="392" type="stmt" count="0"/>
      <line num="407" type="stmt" count="0"/>
      <line num="408" type="stmt" count="0"/>
      <line num="411" type="stmt" count="0"/>
      <line num="413" type="stmt" count="0"/>
      <line num="414" type="stmt" count="0"/>
      <line num="415" type="stmt" count="0"/>
      <line num="416" type="stmt" count="0"/>
      <line num="417" type="stmt" count="0"/>
      <line num="418" type="stmt" count="0"/>
      <line num="421" type="stmt" count="0"/>
      <line num="423" type="stmt" count="0"/>
      <line num="426" type="stmt" count="0"/>
      <line num="427" type="stmt" count="0"/>
      <line num="428" type="stmt" count="0"/>
      <line num="429" type="stmt" count="0"/>
      <line num="430" type="stmt" count="0"/>
      <line num="431" type="stmt" count="0"/>
      <line num="433" type="stmt" count="0"/>
      <line num="435" type="stmt" count="0"/>
      <line num="451" type="stmt" count="0"/>
      <line num="453" type="stmt" count="0"/>
      <line num="454" type="stmt" count="0"/>
      <line num="455" type="stmt" count="0"/>
      <line num="456" type="stmt" count="0"/>
      <line num="458" type="stmt" count="0"/>
      <line num="459" type="stmt" count="0"/>
      <line num="460" type="stmt" count="0"/>
      <line num="461" type="stmt" count="0"/>
      <line num="462" type="stmt" count="0"/>
      <line num="463" type="stmt" count="0"/>
      <line num="464" type="stmt" count="0"/>
      <line num="465" type="stmt" count="0"/>
      <line num="466" type="stmt" count="0"/>
      <line num="467" type="stmt" count="0"/>
      <line num="468" type="stmt" count="0"/>
      <line num="469" type="stmt" count="0"/>
      <line num="470" type="stmt" count="0"/>
      <line num="471" type="stmt" count="0"/>
      <line num="473" type="stmt" count="0"/>
      <line num="474" type="stmt" count="0"/>
      <line num="475" type="stmt" count="0"/>
      <line num="476" type="stmt" count="0"/>
      <line num="477" type="stmt" count="0"/>
      <line num="478" type="stmt" count="0"/>
      <line num="479" type="stmt" count="0"/>
      <line num="480" type="stmt" count="0"/>
      <line num="481" type="stmt" count="0"/>
      <line num="483" type="stmt" count="0"/>
      <line num="484" type="stmt" count="0"/>
      <line num="485" type="stmt" count="0"/>
      <line num="486" type="stmt" count="0"/>
      <line num="487" type="stmt" count="0"/>
      <line num="488" type="stmt" count="0"/>
      <line num="490" type="stmt" count="0"/>
      <line num="491" type="stmt" count="0"/>
      <line num="492" type="stmt" count="0"/>
      <line num="493" type="stmt" count="0"/>
      <line num="494" type="stmt" count="0"/>
      <line num="497" type="stmt" count="0"/>
      <line num="511" type="stmt" count="0"/>
      <line num="512" type="stmt" count="0"/>
      <line num="514" type="stmt" count="0"/>
      <line num="527" type="stmt" count="0"/>
      <line num="528" type="stmt" count="0"/>
      <line num="531" type="stmt" count="0"/>
      <line num="545" type="stmt" count="0"/>
      <line num="558" type="stmt" count="0"/>
      <line num="571" type="stmt" count="0"/>
      <line num="586" type="stmt" count="0"/>
      <line num="587" type="stmt" count="0"/>
      <line num="590" type="stmt" count="0"/>
      <line num="591" type="stmt" count="0"/>
      <line num="592" type="stmt" count="0"/>
      <line num="595" type="stmt" count="0"/>
      <line num="596" type="stmt" count="0"/>
      <line num="598" type="stmt" count="0"/>
      <line num="614" type="stmt" count="0"/>
      <line num="615" type="stmt" count="0"/>
      <line num="616" type="stmt" count="0"/>
      <line num="618" type="stmt" count="0"/>
      <line num="632" type="stmt" count="0"/>
      <line num="646" type="stmt" count="0"/>
      <line num="660" type="stmt" count="0"/>
      <line num="674" type="stmt" count="0"/>
      <line num="688" type="stmt" count="0"/>
      <line num="703" type="stmt" count="0"/>
      <line num="717" type="stmt" count="0"/>
      <line num="732" type="stmt" count="0"/>
      <line num="747" type="stmt" count="0"/>
      <line num="748" type="stmt" count="0"/>
      <line num="749" type="stmt" count="0"/>
      <line num="751" type="stmt" count="0"/>
      <line num="766" type="stmt" count="0"/>
      <line num="781" type="stmt" count="0"/>
      <line num="794" type="stmt" count="0"/>
      <line num="808" type="stmt" count="0"/>
      <line num="821" type="stmt" count="0"/>
      <line num="834" type="stmt" count="0"/>
      <line num="847" type="stmt" count="0"/>
      <line num="849" type="stmt" count="0"/>
      <line num="850" type="stmt" count="0"/>
      <line num="851" type="stmt" count="0"/>
      <line num="853" type="stmt" count="0"/>
      <line num="866" type="stmt" count="0"/>
      <line num="878" type="stmt" count="0"/>
      <line num="891" type="stmt" count="0"/>
      <metrics loc="893" ncloc="512" classes="0" methods="0" coveredmethods="0" conditionals="0" coveredconditionals="0" statements="143" coveredstatements="0" elements="143" coveredelements="0"/>
    </file>
    <file name="C:\Users\Tarik/vendor/paragonie/random_compat/lib/byte_safe_strings.php">
      <line num="48" type="stmt" count="0"/>
      <line num="49" type="stmt" count="0"/>
      <line num="51" type="stmt" count="0"/>
      <line num="54" type="stmt" count="0"/>
      <line num="71" type="stmt" count="0"/>
      <line num="72" type="stmt" count="0"/>
      <line num="74" type="stmt" count="0"/>
      <line num="76" type="stmt" count="0"/>
      <line num="104" type="stmt" count="0"/>
      <line num="105" type="stmt" count="0"/>
      <line num="107" type="stmt" count="0"/>
      <line num="110" type="stmt" count="0"/>
      <line num="111" type="stmt" count="0"/>
      <line num="113" type="stmt" count="0"/>
      <line num="116" type="stmt" count="0"/>
      <line num="121" type="stmt" count="0"/>
      <line num="122" type="stmt" count="0"/>
      <line num="123" type="stmt" count="0"/>
      <line num="125" type="stmt" count="0"/>
      <line num="128" type="stmt" count="0"/>
      <line num="148" type="stmt" count="0"/>
      <line num="149" type="stmt" count="0"/>
      <line num="151" type="stmt" count="0"/>
      <line num="154" type="stmt" count="0"/>
      <line num="155" type="stmt" count="0"/>
      <line num="157" type="stmt" count="0"/>
      <line num="160" type="stmt" count="0"/>
      <line num="161" type="stmt" count="0"/>
      <line num="162" type="stmt" count="0"/>
      <line num="164" type="stmt" count="0"/>
      <line num="167" type="stmt" count="0"/>
      <line num="170" type="stmt" count="0"/>
      <metrics loc="173" ncloc="93" classes="0" methods="0" coveredmethods="0" conditionals="0" coveredconditionals="0" statements="32" coveredstatements="0" elements="32" coveredelements="0"/>
    </file>
    <file name="C:\Users\Tarik/vendor/paragonie/random_compat/lib/cast_to_int.php">
      <line num="49" type="stmt" count="0"/>
      <line num="50" type="stmt" count="0"/>
      <line num="51" type="stmt" count="0"/>
      <line num="54" type="stmt" count="0"/>
      <line num="55" type="stmt" count="0"/>
      <line num="57" type="stmt" count="0"/>
      <line num="59" type="stmt" count="0"/>
      <line num="60" type="stmt" count="0"/>
      <line num="61" type="stmt" count="0"/>
      <line num="63" type="stmt" count="0"/>
      <line num="64" type="stmt" count="0"/>
      <line num="67" type="stmt" count="0"/>
      <line num="69" type="stmt" count="0"/>
      <metrics loc="71" ncloc="29" classes="0" methods="0" coveredmethods="0" conditionals="0" coveredconditionals="0" statements="13" coveredstatements="0" elements="13" coveredelements="0"/>
    </file>
    <file name="C:\Users\Tarik/vendor/paragonie/random_compat/lib/random.php">
      <line num="209" type="stmt" count="0"/>
      <line num="211" type="stmt" count="0"/>
      <metrics loc="221" ncloc="123" classes="0" methods="0" coveredmethods="0" conditionals="0" coveredconditionals="0" statements="2" coveredstatements="0" elements="2" coveredelements="0"/>
    </file>
    <file name="C:\Users\Tarik/vendor/paragonie/random_compat/lib/random_bytes_mcrypt.php">
      <line num="45" type="stmt" count="0"/>
      <line num="46" type="stmt" count="0"/>
      <line num="47" type="stmt" count="0"/>
      <line num="49" type="stmt" count="0"/>
      <line num="52" type="stmt" count="0"/>
      <line num="53" type="stmt" count="0"/>
      <line num="55" type="stmt" count="0"/>
      <line num="58" type="stmt" count="0"/>
      <line num="61" type="stmt" count="0"/>
      <line num="62" type="stmt" count="0"/>
      <line num="63" type="stmt" count="0"/>
      <line num="67" type="stmt" count="0"/>
      <line num="73" type="stmt" count="0"/>
      <line num="75" type="stmt" count="0"/>
      <metrics loc="76" ncloc="32" classes="0" methods="0" coveredmethods="0" conditionals="0" coveredconditionals="0" statements="14" coveredstatements="0" elements="14" coveredelements="0"/>
    </file>
    <file name="C:\Users\Tarik/vendor/paragonie/random_compat/lib/random_int.php">
      <line num="52" type="stmt" count="0"/>
      <line num="53" type="stmt" count="0"/>
      <line num="54" type="stmt" count="0"/>
      <line num="56" type="stmt" count="0"/>
      <line num="60" type="stmt" count="0"/>
      <line num="61" type="stmt" count="0"/>
      <line num="62" type="stmt" count="0"/>
      <line num="64" type="stmt" count="0"/>
      <line num="72" type="stmt" count="0"/>
      <line num="73" type="stmt" count="0"/>
      <line num="75" type="stmt" count="0"/>
      <line num="78" type="stmt" count="0"/>
      <line num="79" type="stmt" count="0"/>
      <line num="90" type="stmt" count="0"/>
      <line num="97" type="stmt" count="0"/>
      <line num="102" type="stmt" count="0"/>
      <line num="115" type="stmt" count="0"/>
      <line num="116" type="stmt" count="0"/>
      <line num="118" type="stmt" count="0"/>
      <line num="124" type="stmt" count="0"/>
      <line num="125" type="stmt" count="0"/>
      <line num="126" type="stmt" count="0"/>
      <line num="127" type="stmt" count="0"/>
      <line num="128" type="stmt" count="0"/>
      <line num="129" type="stmt" count="0"/>
      <line num="130" type="stmt" count="0"/>
      <line num="131" type="stmt" count="0"/>
      <line num="132" type="stmt" count="0"/>
      <line num="144" type="stmt" count="0"/>
      <line num="145" type="stmt" count="0"/>
      <line num="147" type="stmt" count="0"/>
      <line num="153" type="stmt" count="0"/>
      <line num="154" type="stmt" count="0"/>
      <line num="155" type="stmt" count="0"/>
      <line num="157" type="stmt" count="0"/>
      <line num="170" type="stmt" count="0"/>
      <line num="171" type="stmt" count="0"/>
      <line num="172" type="stmt" count="0"/>
      <line num="173" type="stmt" count="0"/>
      <line num="178" type="stmt" count="0"/>
      <line num="179" type="stmt" count="0"/>
      <line num="181" type="stmt" count="0"/>
      <line num="188" type="stmt" count="0"/>
      <line num="190" type="stmt" count="0"/>
      <metrics loc="191" ncloc="80" classes="0" methods="0" coveredmethods="0" conditionals="0" coveredconditionals="0" statements="44" coveredstatements="0" elements="44" coveredelements="0"/>
    </file>
    <file name="C:\Users\Tarik/vendor/psy/psysh/src/Psy/functions.php">
      <line num="29" type="stmt" count="0"/>
      <line num="36" type="stmt" count="0"/>
      <line num="39" type="stmt" count="0"/>
      <line num="40" type="stmt" count="0"/>
      <line num="41" type="stmt" count="0"/>
      <line num="42" type="stmt" count="0"/>
      <line num="43" type="stmt" count="0"/>
      <line num="45" type="stmt" count="0"/>
      <line num="46" type="stmt" count="0"/>
      <line num="47" type="stmt" count="0"/>
      <line num="48" type="stmt" count="0"/>
      <line num="52" type="stmt" count="0"/>
      <line num="54" type="stmt" count="0"/>
      <line num="55" type="stmt" count="0"/>
      <line num="58" type="stmt" count="0"/>
      <line num="59" type="stmt" count="0"/>
      <line num="60" type="stmt" count="0"/>
      <line num="61" type="stmt" count="0"/>
      <line num="62" type="stmt" count="0"/>
      <line num="64" type="stmt" count="0"/>
      <line num="65" type="stmt" count="0"/>
      <line num="66" type="stmt" count="0"/>
      <line num="67" type="stmt" count="0"/>
      <line num="69" type="stmt" count="0"/>
      <line num="70" type="stmt" count="0"/>
      <line num="74" type="stmt" count="0"/>
      <line num="75" type="stmt" count="0"/>
      <line num="76" type="stmt" count="0"/>
      <line num="79" type="stmt" count="0"/>
      <line num="80" type="stmt" count="0"/>
      <line num="81" type="stmt" count="0"/>
      <line num="82" type="stmt" count="0"/>
      <line num="85" type="stmt" count="0"/>
      <line num="86" type="stmt" count="0"/>
      <line num="87" type="stmt" count="0"/>
      <line num="90" type="stmt" count="0"/>
      <line num="91" type="stmt" count="0"/>
      <line num="92" type="stmt" count="0"/>
      <line num="93" type="stmt" count="0"/>
      <line num="95" type="stmt" count="0"/>
      <line num="97" type="stmt" count="0"/>
      <line num="98" type="stmt" count="0"/>
      <line num="99" type="stmt" count="0"/>
      <line num="100" type="stmt" count="0"/>
      <line num="102" type="stmt" count="0"/>
      <line num="103" type="stmt" count="0"/>
      <line num="104" type="stmt" count="0"/>
      <line num="105" type="stmt" count="0"/>
      <line num="106" type="stmt" count="0"/>
      <line num="108" type="stmt" count="0"/>
      <line num="109" type="stmt" count="0"/>
      <line num="110" type="stmt" count="0"/>
      <line num="111" type="stmt" count="0"/>
      <line num="112" type="stmt" count="0"/>
      <line num="113" type="stmt" count="0"/>
      <line num="118" type="stmt" count="0"/>
      <line num="119" type="stmt" count="0"/>
      <line num="120" type="stmt" count="0"/>
      <line num="122" type="stmt" count="0"/>
      <line num="135" type="stmt" count="0"/>
      <line num="137" type="stmt" count="0"/>
      <line num="139" type="stmt" count="0"/>
      <line num="140" type="stmt" count="0"/>
      <line num="141" type="stmt" count="0"/>
      <line num="142" type="stmt" count="0"/>
      <line num="143" type="stmt" count="0"/>
      <line num="144" type="stmt" count="0"/>
      <line num="145" type="stmt" count="0"/>
      <line num="147" type="stmt" count="0"/>
      <line num="148" type="stmt" count="0"/>
      <line num="149" type="stmt" count="0"/>
      <line num="150" type="stmt" count="0"/>
      <line num="153" type="stmt" count="0"/>
      <line num="156" type="stmt" count="0"/>
      <line num="157" type="stmt" count="0"/>
      <line num="158" type="stmt" count="0"/>
      <line num="161" type="stmt" count="0"/>
      <line num="162" type="stmt" count="0"/>
      <line num="163" type="stmt" count="0"/>
      <line num="164" type="stmt" count="0"/>
      <line num="165" type="stmt" count="0"/>
      <line num="166" type="stmt" count="0"/>
      <line num="167" type="stmt" count="0"/>
      <line num="169" type="stmt" count="0"/>
      <line num="172" type="stmt" count="0"/>
      <line num="173" type="stmt" count="0"/>
      <line num="174" type="stmt" count="0"/>
      <line num="175" type="stmt" count="0"/>
      <line num="177" type="stmt" count="0"/>
      <line num="178" type="stmt" count="0"/>
      <line num="183" type="stmt" count="0"/>
      <line num="193" type="stmt" count="0"/>
      <line num="194" type="stmt" count="0"/>
      <line num="198" type="stmt" count="0"/>
      <line num="199" type="stmt" count="0"/>
      <line num="200" type="stmt" count="0"/>
      <line num="204" type="stmt" count="0"/>
      <line num="208" type="stmt" count="0"/>
      <line num="209" type="stmt" count="0"/>
      <line num="210" type="stmt" count="0"/>
      <line num="218" type="stmt" count="0"/>
      <metrics loc="220" ncloc="174" classes="0" methods="0" coveredmethods="0" conditionals="0" coveredconditionals="0" statements="101" coveredstatements="0" elements="101" coveredelements="0"/>
    </file>
    <file name="C:\Users\Tarik/vendor/swiftmailer/swiftmailer/lib/classes/Swift.php">
      <class name="Swift" namespace="global">
        <metrics methods="3" coveredmethods="0" conditionals="0" coveredconditionals="0" statements="20" coveredstatements="0" elements="23" coveredelements="0"/>
      </class>
      <line num="33" type="method" name="init" crap="2" count="0"/>
      <line num="35" type="stmt" count="0"/>
      <line num="36" type="stmt" count="0"/>
      <line num="43" type="method" name="autoload" crap="42" count="0"/>
      <line num="46" type="stmt" count="0"/>
      <line num="47" type="stmt" count="0"/>
      <line num="50" type="stmt" count="0"/>
      <line num="52" type="stmt" count="0"/>
      <line num="53" type="stmt" count="0"/>
      <line num="56" type="stmt" count="0"/>
      <line num="58" type="stmt" count="0"/>
      <line num="59" type="stmt" count="0"/>
      <line num="60" type="stmt" count="0"/>
      <line num="61" type="stmt" count="0"/>
      <line num="62" type="stmt" count="0"/>
      <line num="63" type="stmt" count="0"/>
      <line num="64" type="stmt" count="0"/>
      <line num="73" type="method" name="registerAutoload" crap="6" count="0"/>
      <line num="75" type="stmt" count="0"/>
      <line num="76" type="stmt" count="0"/>
      <line num="77" type="stmt" count="0"/>
      <line num="78" type="stmt" count="0"/>
      <line num="79" type="stmt" count="0"/>
      <metrics loc="80" ncloc="44" classes="1" methods="3" coveredmethods="0" conditionals="0" coveredconditionals="0" statements="20" coveredstatements="0" elements="23" coveredelements="0"/>
    </file>
    <file name="C:\Users\Tarik/vendor/swiftmailer/swiftmailer/lib/swift_required.php">
      <line num="25" type="stmt" count="0"/>
      <line num="26" type="stmt" count="0"/>
      <metrics loc="30" ncloc="16" classes="0" methods="0" coveredmethods="0" conditionals="0" coveredconditionals="0" statements="2" coveredstatements="0" elements="2" coveredelements="0"/>
    </file>
    <file name="C:\Users\Tarik/vendor/symfony/polyfill-mbstring/bootstrap.php">
      <metrics loc="51" ncloc="43" classes="0" methods="0" coveredmethods="0" conditionals="0" coveredconditionals="0" statements="0" coveredstatements="0" elements="0" coveredelements="0"/>
    </file>
    <file name="C:\Users\Tarik/vendor/symfony/polyfill-php56/bootstrap.php">
      <metrics loc="38" ncloc="26" classes="0" methods="0" coveredmethods="0" conditionals="0" coveredconditionals="0" statements="0" coveredstatements="0" elements="0" coveredelements="0"/>
    </file>
    <file name="C:\Users\Tarik/vendor/symfony/var-dumper/Resources/functions/dump.php">
      <line num="20" type="stmt" count="0"/>
      <line num="21" type="stmt" count="0"/>
      <line num="22" type="stmt" count="0"/>
      <line num="23" type="stmt" count="0"/>
      <metrics loc="24" ncloc="13" classes="0" methods="0" coveredmethods="0" conditionals="0" coveredconditionals="0" statements="4" coveredstatements="0" elements="4" coveredelements="0"/>
    </file>
    <metrics files="15" loc="3676" ncloc="2124" classes="2" methods="4" coveredmethods="1" conditionals="0" coveredconditionals="0" statements="591" coveredstatements="2" elements="595" coveredelements="3"/>
  </project>
</coverage>
